{"/Users/katharines/projects/courses/401/api-server/src/server.js": {"path":"/Users/katharines/projects/courses/401/api-server/src/server.js","statementMap":{"0":{"start":{"line":3,"column":16},"end":{"line":3,"column":34}},"1":{"start":{"line":4,"column":21},"end":{"line":4,"column":53}},"2":{"start":{"line":5,"column":20},"end":{"line":5,"column":52}},"3":{"start":{"line":6,"column":0},"end":{"line":6,"column":27}},"4":{"start":{"line":8,"column":12},"end":{"line":8,"column":21}},"5":{"start":{"line":10,"column":13},"end":{"line":10,"column":37}},"6":{"start":{"line":12,"column":0},"end":{"line":12,"column":24}},"7":{"start":{"line":13,"column":0},"end":{"line":13,"column":22}},"8":{"start":{"line":14,"column":0},"end":{"line":14,"column":21}},"9":{"start":{"line":16,"column":27},"end":{"line":16,"column":58}},"10":{"start":{"line":17,"column":24},"end":{"line":17,"column":55}},"11":{"start":{"line":19,"column":0},"end":{"line":19,"column":30}},"12":{"start":{"line":20,"column":0},"end":{"line":20,"column":28}},"13":{"start":{"line":22,"column":0},"end":{"line":25,"column":2}},"14":{"start":{"line":24,"column":15},"end":{"line":24,"column":71}}},"fnMap":{"0":{"name":"(anonymous_0)","decl":{"start":{"line":24,"column":9},"end":{"line":24,"column":10}},"loc":{"start":{"line":24,"column":15},"end":{"line":24,"column":71}},"line":24}},"branchMap":{"0":{"loc":{"start":{"line":10,"column":13},"end":{"line":10,"column":37}},"type":"binary-expr","locations":[{"start":{"line":10,"column":13},"end":{"line":10,"column":29}},{"start":{"line":10,"column":33},"end":{"line":10,"column":37}}],"line":10}},"s":{"0":1,"1":1,"2":1,"3":1,"4":1,"5":1,"6":1,"7":1,"8":1,"9":1,"10":1,"11":1,"12":1,"13":1,"14":0},"f":{"0":0},"b":{"0":[1,1]},"_coverageSchema":"1a1c01bbd47fc00a2c39e90264f33305004495a9","hash":"c9509c72b1b808ef6560ed8d80885b35ff6849f3"}
,"/Users/katharines/projects/courses/401/api-server/src/error-handlers/404.js": {"path":"/Users/katharines/projects/courses/401/api-server/src/error-handlers/404.js","statementMap":{"0":{"start":{"line":11,"column":2},"end":{"line":11,"column":36}},"1":{"start":{"line":14,"column":0},"end":{"line":14,"column":33}}},"fnMap":{"0":{"name":"notFoundHandler","decl":{"start":{"line":10,"column":9},"end":{"line":10,"column":24}},"loc":{"start":{"line":10,"column":42},"end":{"line":12,"column":1}},"line":10}},"branchMap":{},"s":{"0":2,"1":1},"f":{"0":2},"b":{},"_coverageSchema":"1a1c01bbd47fc00a2c39e90264f33305004495a9","hash":"fcd5e146ffaedcf06ef6feec6dabc7dd5e2d8329"}
,"/Users/katharines/projects/courses/401/api-server/src/error-handlers/500.js": {"path":"/Users/katharines/projects/courses/401/api-server/src/error-handlers/500.js","statementMap":{"0":{"start":{"line":3,"column":0},"end":{"line":7,"column":2}},"1":{"start":{"line":4,"column":16},"end":{"line":4,"column":47}},"2":{"start":{"line":6,"column":2},"end":{"line":6,"column":30}}},"fnMap":{"0":{"name":"(anonymous_0)","decl":{"start":{"line":3,"column":17},"end":{"line":3,"column":18}},"loc":{"start":{"line":3,"column":48},"end":{"line":7,"column":1}},"line":3}},"branchMap":{"0":{"loc":{"start":{"line":4,"column":16},"end":{"line":4,"column":47}},"type":"cond-expr","locations":[{"start":{"line":4,"column":30},"end":{"line":4,"column":41}},{"start":{"line":4,"column":44},"end":{"line":4,"column":47}}],"line":4}},"s":{"0":1,"1":0,"2":0},"f":{"0":0},"b":{"0":[0,0]},"_coverageSchema":"1a1c01bbd47fc00a2c39e90264f33305004495a9","hash":"aa95f524c60921231a5bd193abc147287dcdace8"}
,"/Users/katharines/projects/courses/401/api-server/src/models/actors.js": {"path":"/Users/katharines/projects/courses/401/api-server/src/models/actors.js","statementMap":{"0":{"start":{"line":3,"column":0},"end":{"line":14,"column":2}},"1":{"start":{"line":4,"column":2},"end":{"line":13,"column":5}}},"fnMap":{"0":{"name":"(anonymous_0)","decl":{"start":{"line":3,"column":17},"end":{"line":3,"column":18}},"loc":{"start":{"line":3,"column":43},"end":{"line":14,"column":1}},"line":3}},"branchMap":{},"s":{"0":1,"1":1},"f":{"0":1},"b":{},"_coverageSchema":"1a1c01bbd47fc00a2c39e90264f33305004495a9","hash":"15622ab13272de54bcabcc3feea8814d522581b6"}
,"/Users/katharines/projects/courses/401/api-server/src/models/index.js": {"path":"/Users/katharines/projects/courses/401/api-server/src/models/index.js","statementMap":{"0":{"start":{"line":3,"column":33},"end":{"line":3,"column":53}},"1":{"start":{"line":4,"column":23},"end":{"line":4,"column":50}},"2":{"start":{"line":5,"column":20},"end":{"line":5,"column":39}},"3":{"start":{"line":6,"column":20},"end":{"line":6,"column":39}},"4":{"start":{"line":7,"column":0},"end":{"line":7,"column":27}},"5":{"start":{"line":9,"column":21},"end":{"line":11,"column":70}},"6":{"start":{"line":13,"column":18},"end":{"line":20,"column":2}},"7":{"start":{"line":24,"column":19},"end":{"line":24,"column":52}},"8":{"start":{"line":25,"column":19},"end":{"line":25,"column":52}},"9":{"start":{"line":27,"column":0},"end":{"line":27,"column":73}},"10":{"start":{"line":28,"column":0},"end":{"line":28,"column":76}},"11":{"start":{"line":31,"column":0},"end":{"line":35,"column":2}}},"fnMap":{},"branchMap":{"0":{"loc":{"start":{"line":9,"column":21},"end":{"line":11,"column":70}},"type":"cond-expr","locations":[{"start":{"line":10,"column":4},"end":{"line":10,"column":20}},{"start":{"line":11,"column":4},"end":{"line":11,"column":70}}],"line":9},"1":{"loc":{"start":{"line":11,"column":4},"end":{"line":11,"column":70}},"type":"binary-expr","locations":[{"start":{"line":11,"column":4},"end":{"line":11,"column":28}},{"start":{"line":11,"column":32},"end":{"line":11,"column":70}}],"line":11}},"s":{"0":1,"1":1,"2":1,"3":1,"4":1,"5":1,"6":1,"7":1,"8":1,"9":1,"10":1,"11":1},"f":{},"b":{"0":[1,0],"1":[0,0]},"_coverageSchema":"1a1c01bbd47fc00a2c39e90264f33305004495a9","hash":"ac3d11902d60119d00cf972a972aeafd699bf2fc"}
,"/Users/katharines/projects/courses/401/api-server/src/models/modelInterface.js": {"path":"/Users/katharines/projects/courses/401/api-server/src/models/modelInterface.js","statementMap":{"0":{"start":{"line":5,"column":4},"end":{"line":5,"column":23}},"1":{"start":{"line":10,"column":4},"end":{"line":16,"column":5}},"2":{"start":{"line":11,"column":21},"end":{"line":11,"column":50}},"3":{"start":{"line":12,"column":6},"end":{"line":12,"column":22}},"4":{"start":{"line":14,"column":6},"end":{"line":14,"column":25}},"5":{"start":{"line":15,"column":6},"end":{"line":15,"column":17}},"6":{"start":{"line":21,"column":4},"end":{"line":27,"column":5}},"7":{"start":{"line":22,"column":24},"end":{"line":22,"column":65}},"8":{"start":{"line":23,"column":6},"end":{"line":23,"column":25}},"9":{"start":{"line":25,"column":6},"end":{"line":25,"column":25}},"10":{"start":{"line":26,"column":6},"end":{"line":26,"column":17}},"11":{"start":{"line":31,"column":4},"end":{"line":38,"column":5}},"12":{"start":{"line":32,"column":25},"end":{"line":32,"column":51}},"13":{"start":{"line":33,"column":6},"end":{"line":33,"column":26}},"14":{"start":{"line":36,"column":6},"end":{"line":36,"column":25}},"15":{"start":{"line":37,"column":6},"end":{"line":37,"column":17}},"16":{"start":{"line":42,"column":4},"end":{"line":49,"column":5}},"17":{"start":{"line":43,"column":6},"end":{"line":43,"column":53}},"18":{"start":{"line":44,"column":28},"end":{"line":44,"column":69}},"19":{"start":{"line":45,"column":6},"end":{"line":45,"column":29}},"20":{"start":{"line":47,"column":6},"end":{"line":47,"column":25}},"21":{"start":{"line":48,"column":6},"end":{"line":48,"column":17}},"22":{"start":{"line":53,"column":4},"end":{"line":60,"column":5}},"23":{"start":{"line":54,"column":28},"end":{"line":54,"column":69}},"24":{"start":{"line":55,"column":6},"end":{"line":55,"column":48}},"25":{"start":{"line":56,"column":6},"end":{"line":56,"column":29}},"26":{"start":{"line":58,"column":6},"end":{"line":58,"column":25}},"27":{"start":{"line":59,"column":6},"end":{"line":59,"column":17}},"28":{"start":{"line":64,"column":0},"end":{"line":64,"column":32}}},"fnMap":{"0":{"name":"(anonymous_0)","decl":{"start":{"line":4,"column":2},"end":{"line":4,"column":3}},"loc":{"start":{"line":4,"column":21},"end":{"line":6,"column":3}},"line":4},"1":{"name":"(anonymous_1)","decl":{"start":{"line":9,"column":2},"end":{"line":9,"column":3}},"loc":{"start":{"line":9,"column":21},"end":{"line":17,"column":3}},"line":9},"2":{"name":"(anonymous_2)","decl":{"start":{"line":20,"column":2},"end":{"line":20,"column":3}},"loc":{"start":{"line":20,"column":20},"end":{"line":28,"column":3}},"line":20},"3":{"name":"(anonymous_3)","decl":{"start":{"line":30,"column":2},"end":{"line":30,"column":3}},"loc":{"start":{"line":30,"column":18},"end":{"line":39,"column":3}},"line":30},"4":{"name":"(anonymous_4)","decl":{"start":{"line":41,"column":2},"end":{"line":41,"column":3}},"loc":{"start":{"line":41,"column":25},"end":{"line":50,"column":3}},"line":41},"5":{"name":"(anonymous_5)","decl":{"start":{"line":52,"column":2},"end":{"line":52,"column":3}},"loc":{"start":{"line":52,"column":19},"end":{"line":61,"column":3}},"line":52}},"branchMap":{},"s":{"0":2,"1":2,"2":2,"3":2,"4":0,"5":0,"6":2,"7":2,"8":2,"9":0,"10":0,"11":2,"12":2,"13":2,"14":0,"15":0,"16":2,"17":2,"18":2,"19":2,"20":0,"21":0,"22":2,"23":2,"24":2,"25":2,"26":0,"27":0,"28":1},"f":{"0":2,"1":2,"2":2,"3":2,"4":2,"5":2},"b":{},"_coverageSchema":"1a1c01bbd47fc00a2c39e90264f33305004495a9","hash":"45b2d98354e7403bf63961b2baec50e7bd0cc812"}
,"/Users/katharines/projects/courses/401/api-server/src/models/movies.js": {"path":"/Users/katharines/projects/courses/401/api-server/src/models/movies.js","statementMap":{"0":{"start":{"line":3,"column":0},"end":{"line":18,"column":2}},"1":{"start":{"line":4,"column":2},"end":{"line":17,"column":5}}},"fnMap":{"0":{"name":"(anonymous_0)","decl":{"start":{"line":3,"column":17},"end":{"line":3,"column":18}},"loc":{"start":{"line":3,"column":43},"end":{"line":18,"column":1}},"line":3}},"branchMap":{},"s":{"0":1,"1":1},"f":{"0":1},"b":{},"_coverageSchema":"1a1c01bbd47fc00a2c39e90264f33305004495a9","hash":"5cb48559f86aab2a5ffc75710016ed79f586a41f"}
,"/Users/katharines/projects/courses/401/api-server/src/routes/actors-route.js": {"path":"/Users/katharines/projects/courses/401/api-server/src/routes/actors-route.js","statementMap":{"0":{"start":{"line":3,"column":16},"end":{"line":3,"column":34}},"1":{"start":{"line":4,"column":27},"end":{"line":4,"column":47}},"2":{"start":{"line":6,"column":15},"end":{"line":6,"column":31}},"3":{"start":{"line":9,"column":0},"end":{"line":14,"column":3}},"4":{"start":{"line":10,"column":14},"end":{"line":10,"column":22}},"5":{"start":{"line":12,"column":17},"end":{"line":12,"column":51}},"6":{"start":{"line":13,"column":2},"end":{"line":13,"column":33}},"7":{"start":{"line":17,"column":0},"end":{"line":20,"column":3}},"8":{"start":{"line":18,"column":18},"end":{"line":18,"column":48}},"9":{"start":{"line":19,"column":2},"end":{"line":19,"column":34}},"10":{"start":{"line":23,"column":0},"end":{"line":27,"column":3}},"11":{"start":{"line":24,"column":15},"end":{"line":24,"column":25}},"12":{"start":{"line":25,"column":17},"end":{"line":25,"column":49}},"13":{"start":{"line":26,"column":2},"end":{"line":26,"column":33}},"14":{"start":{"line":30,"column":0},"end":{"line":34,"column":3}},"15":{"start":{"line":31,"column":15},"end":{"line":31,"column":25}},"16":{"start":{"line":32,"column":21},"end":{"line":32,"column":62}},"17":{"start":{"line":33,"column":2},"end":{"line":33,"column":37}},"18":{"start":{"line":37,"column":0},"end":{"line":41,"column":3}},"19":{"start":{"line":38,"column":15},"end":{"line":38,"column":25}},"20":{"start":{"line":39,"column":21},"end":{"line":39,"column":52}},"21":{"start":{"line":40,"column":2},"end":{"line":40,"column":37}},"22":{"start":{"line":43,"column":0},"end":{"line":43,"column":24}}},"fnMap":{"0":{"name":"(anonymous_0)","decl":{"start":{"line":9,"column":23},"end":{"line":9,"column":24}},"loc":{"start":{"line":9,"column":48},"end":{"line":14,"column":1}},"line":9},"1":{"name":"(anonymous_1)","decl":{"start":{"line":17,"column":22},"end":{"line":17,"column":23}},"loc":{"start":{"line":17,"column":48},"end":{"line":20,"column":1}},"line":17},"2":{"name":"(anonymous_2)","decl":{"start":{"line":23,"column":26},"end":{"line":23,"column":27}},"loc":{"start":{"line":23,"column":52},"end":{"line":27,"column":1}},"line":23},"3":{"name":"(anonymous_3)","decl":{"start":{"line":30,"column":26},"end":{"line":30,"column":27}},"loc":{"start":{"line":30,"column":52},"end":{"line":34,"column":1}},"line":30},"4":{"name":"(anonymous_4)","decl":{"start":{"line":37,"column":29},"end":{"line":37,"column":30}},"loc":{"start":{"line":37,"column":55},"end":{"line":41,"column":1}},"line":37}},"branchMap":{},"s":{"0":1,"1":1,"2":1,"3":1,"4":1,"5":1,"6":1,"7":1,"8":1,"9":1,"10":1,"11":1,"12":1,"13":1,"14":1,"15":1,"16":1,"17":1,"18":1,"19":1,"20":1,"21":1,"22":1},"f":{"0":1,"1":1,"2":1,"3":1,"4":1},"b":{},"_coverageSchema":"1a1c01bbd47fc00a2c39e90264f33305004495a9","hash":"0c732f0f075331c84f14221ff03fda4a442a15be"}
,"/Users/katharines/projects/courses/401/api-server/src/routes/movies-route.js": {"path":"/Users/katharines/projects/courses/401/api-server/src/routes/movies-route.js","statementMap":{"0":{"start":{"line":3,"column":16},"end":{"line":3,"column":34}},"1":{"start":{"line":4,"column":27},"end":{"line":4,"column":47}},"2":{"start":{"line":6,"column":15},"end":{"line":6,"column":31}},"3":{"start":{"line":8,"column":0},"end":{"line":13,"column":3}},"4":{"start":{"line":9,"column":15},"end":{"line":9,"column":23}},"5":{"start":{"line":11,"column":17},"end":{"line":11,"column":52}},"6":{"start":{"line":12,"column":2},"end":{"line":12,"column":33}},"7":{"start":{"line":16,"column":0},"end":{"line":19,"column":3}},"8":{"start":{"line":17,"column":18},"end":{"line":17,"column":48}},"9":{"start":{"line":18,"column":2},"end":{"line":18,"column":34}},"10":{"start":{"line":22,"column":0},"end":{"line":26,"column":3}},"11":{"start":{"line":23,"column":15},"end":{"line":23,"column":25}},"12":{"start":{"line":24,"column":17},"end":{"line":24,"column":49}},"13":{"start":{"line":25,"column":2},"end":{"line":25,"column":33}},"14":{"start":{"line":29,"column":0},"end":{"line":33,"column":3}},"15":{"start":{"line":30,"column":15},"end":{"line":30,"column":25}},"16":{"start":{"line":31,"column":21},"end":{"line":31,"column":62}},"17":{"start":{"line":32,"column":2},"end":{"line":32,"column":37}},"18":{"start":{"line":36,"column":0},"end":{"line":40,"column":3}},"19":{"start":{"line":37,"column":15},"end":{"line":37,"column":25}},"20":{"start":{"line":38,"column":21},"end":{"line":38,"column":52}},"21":{"start":{"line":39,"column":2},"end":{"line":39,"column":37}},"22":{"start":{"line":42,"column":0},"end":{"line":42,"column":24}}},"fnMap":{"0":{"name":"(anonymous_0)","decl":{"start":{"line":8,"column":23},"end":{"line":8,"column":24}},"loc":{"start":{"line":8,"column":48},"end":{"line":13,"column":1}},"line":8},"1":{"name":"(anonymous_1)","decl":{"start":{"line":16,"column":22},"end":{"line":16,"column":23}},"loc":{"start":{"line":16,"column":48},"end":{"line":19,"column":1}},"line":16},"2":{"name":"(anonymous_2)","decl":{"start":{"line":22,"column":26},"end":{"line":22,"column":27}},"loc":{"start":{"line":22,"column":52},"end":{"line":26,"column":1}},"line":22},"3":{"name":"(anonymous_3)","decl":{"start":{"line":29,"column":26},"end":{"line":29,"column":27}},"loc":{"start":{"line":29,"column":52},"end":{"line":33,"column":1}},"line":29},"4":{"name":"(anonymous_4)","decl":{"start":{"line":36,"column":29},"end":{"line":36,"column":30}},"loc":{"start":{"line":36,"column":55},"end":{"line":40,"column":1}},"line":36}},"branchMap":{},"s":{"0":1,"1":1,"2":1,"3":1,"4":1,"5":1,"6":1,"7":1,"8":1,"9":1,"10":1,"11":1,"12":1,"13":1,"14":1,"15":1,"16":1,"17":1,"18":1,"19":1,"20":1,"21":1,"22":1},"f":{"0":1,"1":1,"2":1,"3":1,"4":1},"b":{},"_coverageSchema":"1a1c01bbd47fc00a2c39e90264f33305004495a9","hash":"3eef1a131bd012bfe33dcf4ad178863101756d45"}
}
