{"/Users/katharines/projects/courses/401/basic-api-server/src/server.js": {"path":"/Users/katharines/projects/courses/401/basic-api-server/src/server.js","statementMap":{"0":{"start":{"line":3,"column":16},"end":{"line":3,"column":34}},"1":{"start":{"line":4,"column":19},"end":{"line":4,"column":49}},"2":{"start":{"line":5,"column":19},"end":{"line":5,"column":49}},"3":{"start":{"line":6,"column":0},"end":{"line":6,"column":27}},"4":{"start":{"line":8,"column":12},"end":{"line":8,"column":21}},"5":{"start":{"line":10,"column":21},"end":{"line":10,"column":45}},"6":{"start":{"line":12,"column":13},"end":{"line":12,"column":37}},"7":{"start":{"line":14,"column":0},"end":{"line":14,"column":24}},"8":{"start":{"line":15,"column":0},"end":{"line":15,"column":20}},"9":{"start":{"line":16,"column":0},"end":{"line":16,"column":20}},"10":{"start":{"line":18,"column":24},"end":{"line":18,"column":55}},"11":{"start":{"line":20,"column":0},"end":{"line":20,"column":30}},"12":{"start":{"line":22,"column":0},"end":{"line":25,"column":2}},"13":{"start":{"line":24,"column":15},"end":{"line":24,"column":71}}},"fnMap":{"0":{"name":"(anonymous_0)","decl":{"start":{"line":24,"column":9},"end":{"line":24,"column":10}},"loc":{"start":{"line":24,"column":15},"end":{"line":24,"column":71}},"line":24}},"branchMap":{"0":{"loc":{"start":{"line":12,"column":13},"end":{"line":12,"column":37}},"type":"binary-expr","locations":[{"start":{"line":12,"column":13},"end":{"line":12,"column":29}},{"start":{"line":12,"column":33},"end":{"line":12,"column":37}}],"line":12}},"s":{"0":1,"1":1,"2":1,"3":1,"4":1,"5":1,"6":1,"7":1,"8":1,"9":1,"10":1,"11":1,"12":1,"13":0},"f":{"0":0},"b":{"0":[1,0]},"_coverageSchema":"1a1c01bbd47fc00a2c39e90264f33305004495a9","hash":"abd546b9db0fe235440c6451e4410fbba32cfe50"}
,"/Users/katharines/projects/courses/401/basic-api-server/src/error-handlers/404.js": {"path":"/Users/katharines/projects/courses/401/basic-api-server/src/error-handlers/404.js","statementMap":{"0":{"start":{"line":4,"column":2},"end":{"line":4,"column":36}},"1":{"start":{"line":7,"column":0},"end":{"line":7,"column":33}}},"fnMap":{"0":{"name":"notFoundHandler","decl":{"start":{"line":3,"column":9},"end":{"line":3,"column":24}},"loc":{"start":{"line":3,"column":42},"end":{"line":5,"column":1}},"line":3}},"branchMap":{},"s":{"0":0,"1":1},"f":{"0":0},"b":{},"_coverageSchema":"1a1c01bbd47fc00a2c39e90264f33305004495a9","hash":"bc8872f41f703cd70ba9763e89c61d39a28dbc84"}
,"/Users/katharines/projects/courses/401/basic-api-server/src/models/actors.js": {"path":"/Users/katharines/projects/courses/401/basic-api-server/src/models/actors.js","statementMap":{"0":{"start":{"line":3,"column":0},"end":{"line":19,"column":2}},"1":{"start":{"line":4,"column":2},"end":{"line":18,"column":5}}},"fnMap":{"0":{"name":"(anonymous_0)","decl":{"start":{"line":3,"column":17},"end":{"line":3,"column":18}},"loc":{"start":{"line":3,"column":43},"end":{"line":19,"column":1}},"line":3}},"branchMap":{},"s":{"0":1,"1":1},"f":{"0":1},"b":{},"_coverageSchema":"1a1c01bbd47fc00a2c39e90264f33305004495a9","hash":"782afa81c6d537f6b0d51487d8f3c48c25a28afe"}
,"/Users/katharines/projects/courses/401/basic-api-server/src/models/movies.js": {"path":"/Users/katharines/projects/courses/401/basic-api-server/src/models/movies.js","statementMap":{"0":{"start":{"line":3,"column":0},"end":{"line":20,"column":2}},"1":{"start":{"line":4,"column":2},"end":{"line":19,"column":5}}},"fnMap":{"0":{"name":"(anonymous_0)","decl":{"start":{"line":3,"column":17},"end":{"line":3,"column":18}},"loc":{"start":{"line":3,"column":43},"end":{"line":20,"column":1}},"line":3}},"branchMap":{},"s":{"0":1,"1":1},"f":{"0":1},"b":{},"_coverageSchema":"1a1c01bbd47fc00a2c39e90264f33305004495a9","hash":"8740b8c4b387e57f2592d5f09891a9a6b1f74477"}
,"/Users/katharines/projects/courses/401/basic-api-server/src/models/index.js": {"path":"/Users/katharines/projects/courses/401/basic-api-server/src/models/index.js","statementMap":{"0":{"start":{"line":3,"column":33},"end":{"line":3,"column":53}},"1":{"start":{"line":4,"column":18},"end":{"line":4,"column":35}},"2":{"start":{"line":5,"column":18},"end":{"line":5,"column":36}},"3":{"start":{"line":6,"column":0},"end":{"line":6,"column":27}},"4":{"start":{"line":8,"column":21},"end":{"line":10,"column":76}},"5":{"start":{"line":21,"column":18},"end":{"line":21,"column":45}},"6":{"start":{"line":23,"column":18},"end":{"line":23,"column":49}},"7":{"start":{"line":24,"column":18},"end":{"line":24,"column":49}},"8":{"start":{"line":26,"column":0},"end":{"line":30,"column":2}}},"fnMap":{},"branchMap":{"0":{"loc":{"start":{"line":8,"column":21},"end":{"line":10,"column":76}},"type":"cond-expr","locations":[{"start":{"line":9,"column":4},"end":{"line":9,"column":20}},{"start":{"line":10,"column":4},"end":{"line":10,"column":76}}],"line":8},"1":{"loc":{"start":{"line":10,"column":4},"end":{"line":10,"column":76}},"type":"binary-expr","locations":[{"start":{"line":10,"column":4},"end":{"line":10,"column":28}},{"start":{"line":10,"column":32},"end":{"line":10,"column":76}}],"line":10}},"s":{"0":1,"1":1,"2":1,"3":1,"4":1,"5":1,"6":1,"7":1,"8":1},"f":{},"b":{"0":[1,0],"1":[0,0]},"_coverageSchema":"1a1c01bbd47fc00a2c39e90264f33305004495a9","hash":"513fee89f4e33d9c68a2c71381637dd153cdf438"}
,"/Users/katharines/projects/courses/401/basic-api-server/src/routes/actor-route.js": {"path":"/Users/katharines/projects/courses/401/basic-api-server/src/routes/actor-route.js","statementMap":{"0":{"start":{"line":3,"column":16},"end":{"line":3,"column":34}},"1":{"start":{"line":4,"column":22},"end":{"line":4,"column":42}},"2":{"start":{"line":6,"column":15},"end":{"line":6,"column":31}},"3":{"start":{"line":9,"column":0},"end":{"line":14,"column":3}},"4":{"start":{"line":10,"column":13},"end":{"line":10,"column":21}},"5":{"start":{"line":12,"column":17},"end":{"line":12,"column":45}},"6":{"start":{"line":13,"column":2},"end":{"line":13,"column":33}},"7":{"start":{"line":17,"column":0},"end":{"line":20,"column":3}},"8":{"start":{"line":18,"column":17},"end":{"line":18,"column":42}},"9":{"start":{"line":19,"column":2},"end":{"line":19,"column":33}},"10":{"start":{"line":23,"column":0},"end":{"line":27,"column":3}},"11":{"start":{"line":24,"column":15},"end":{"line":24,"column":25}},"12":{"start":{"line":25,"column":16},"end":{"line":25,"column":56}},"13":{"start":{"line":26,"column":2},"end":{"line":26,"column":32}},"14":{"start":{"line":30,"column":0},"end":{"line":35,"column":3}},"15":{"start":{"line":31,"column":15},"end":{"line":31,"column":25}},"16":{"start":{"line":32,"column":2},"end":{"line":32,"column":52}},"17":{"start":{"line":33,"column":20},"end":{"line":33,"column":60}},"18":{"start":{"line":34,"column":2},"end":{"line":34,"column":36}},"19":{"start":{"line":38,"column":0},"end":{"line":43,"column":3}},"20":{"start":{"line":39,"column":15},"end":{"line":39,"column":25}},"21":{"start":{"line":40,"column":20},"end":{"line":40,"column":60}},"22":{"start":{"line":41,"column":2},"end":{"line":41,"column":43}},"23":{"start":{"line":42,"column":2},"end":{"line":42,"column":36}},"24":{"start":{"line":45,"column":0},"end":{"line":45,"column":24}}},"fnMap":{"0":{"name":"(anonymous_0)","decl":{"start":{"line":9,"column":22},"end":{"line":9,"column":23}},"loc":{"start":{"line":9,"column":47},"end":{"line":14,"column":1}},"line":9},"1":{"name":"(anonymous_1)","decl":{"start":{"line":17,"column":21},"end":{"line":17,"column":22}},"loc":{"start":{"line":17,"column":47},"end":{"line":20,"column":1}},"line":17},"2":{"name":"(anonymous_2)","decl":{"start":{"line":23,"column":25},"end":{"line":23,"column":26}},"loc":{"start":{"line":23,"column":51},"end":{"line":27,"column":1}},"line":23},"3":{"name":"(anonymous_3)","decl":{"start":{"line":30,"column":25},"end":{"line":30,"column":26}},"loc":{"start":{"line":30,"column":51},"end":{"line":35,"column":1}},"line":30},"4":{"name":"(anonymous_4)","decl":{"start":{"line":38,"column":28},"end":{"line":38,"column":29}},"loc":{"start":{"line":38,"column":54},"end":{"line":43,"column":1}},"line":38}},"branchMap":{},"s":{"0":1,"1":1,"2":1,"3":1,"4":1,"5":1,"6":1,"7":1,"8":1,"9":1,"10":1,"11":1,"12":1,"13":1,"14":1,"15":1,"16":1,"17":1,"18":1,"19":1,"20":1,"21":1,"22":1,"23":1,"24":1},"f":{"0":1,"1":1,"2":1,"3":1,"4":1},"b":{},"_coverageSchema":"1a1c01bbd47fc00a2c39e90264f33305004495a9","hash":"d48ff70a23fab167340b25683d090c03db0977a8"}
,"/Users/katharines/projects/courses/401/basic-api-server/src/routes/movies-route.js": {"path":"/Users/katharines/projects/courses/401/basic-api-server/src/routes/movies-route.js","statementMap":{"0":{"start":{"line":3,"column":16},"end":{"line":3,"column":34}},"1":{"start":{"line":4,"column":22},"end":{"line":4,"column":42}},"2":{"start":{"line":6,"column":15},"end":{"line":6,"column":31}},"3":{"start":{"line":8,"column":0},"end":{"line":13,"column":3}},"4":{"start":{"line":9,"column":13},"end":{"line":9,"column":21}},"5":{"start":{"line":11,"column":17},"end":{"line":11,"column":45}},"6":{"start":{"line":12,"column":2},"end":{"line":12,"column":33}},"7":{"start":{"line":16,"column":0},"end":{"line":19,"column":3}},"8":{"start":{"line":17,"column":17},"end":{"line":17,"column":42}},"9":{"start":{"line":18,"column":2},"end":{"line":18,"column":33}},"10":{"start":{"line":22,"column":0},"end":{"line":26,"column":3}},"11":{"start":{"line":23,"column":15},"end":{"line":23,"column":25}},"12":{"start":{"line":24,"column":20},"end":{"line":24,"column":60}},"13":{"start":{"line":25,"column":2},"end":{"line":25,"column":36}},"14":{"start":{"line":29,"column":0},"end":{"line":34,"column":3}},"15":{"start":{"line":30,"column":15},"end":{"line":30,"column":25}},"16":{"start":{"line":31,"column":2},"end":{"line":31,"column":52}},"17":{"start":{"line":32,"column":24},"end":{"line":32,"column":64}},"18":{"start":{"line":33,"column":2},"end":{"line":33,"column":40}},"19":{"start":{"line":37,"column":0},"end":{"line":42,"column":3}},"20":{"start":{"line":38,"column":15},"end":{"line":38,"column":25}},"21":{"start":{"line":39,"column":24},"end":{"line":39,"column":64}},"22":{"start":{"line":40,"column":2},"end":{"line":40,"column":43}},"23":{"start":{"line":41,"column":2},"end":{"line":41,"column":40}},"24":{"start":{"line":44,"column":0},"end":{"line":44,"column":24}}},"fnMap":{"0":{"name":"(anonymous_0)","decl":{"start":{"line":8,"column":21},"end":{"line":8,"column":22}},"loc":{"start":{"line":8,"column":46},"end":{"line":13,"column":1}},"line":8},"1":{"name":"(anonymous_1)","decl":{"start":{"line":16,"column":20},"end":{"line":16,"column":21}},"loc":{"start":{"line":16,"column":46},"end":{"line":19,"column":1}},"line":16},"2":{"name":"(anonymous_2)","decl":{"start":{"line":22,"column":24},"end":{"line":22,"column":25}},"loc":{"start":{"line":22,"column":50},"end":{"line":26,"column":1}},"line":22},"3":{"name":"(anonymous_3)","decl":{"start":{"line":29,"column":24},"end":{"line":29,"column":25}},"loc":{"start":{"line":29,"column":50},"end":{"line":34,"column":1}},"line":29},"4":{"name":"(anonymous_4)","decl":{"start":{"line":37,"column":27},"end":{"line":37,"column":28}},"loc":{"start":{"line":37,"column":53},"end":{"line":42,"column":1}},"line":37}},"branchMap":{},"s":{"0":1,"1":1,"2":1,"3":1,"4":1,"5":1,"6":1,"7":1,"8":1,"9":1,"10":1,"11":1,"12":1,"13":1,"14":1,"15":1,"16":1,"17":1,"18":1,"19":1,"20":1,"21":1,"22":1,"23":1,"24":1},"f":{"0":1,"1":1,"2":1,"3":1,"4":1},"b":{},"_coverageSchema":"1a1c01bbd47fc00a2c39e90264f33305004495a9","hash":"84031d53a91c39b6cda54fac2c62173985142a4e"}
}
