TN:
SF:src/server.js
FN:26,(anonymous_0)
FNF:1
FNH:0
FNDA:0,(anonymous_0)
DA:3,1
DA:4,1
DA:5,1
DA:6,1
DA:8,1
DA:10,1
DA:12,1
DA:14,1
DA:15,1
DA:16,1
DA:18,1
DA:19,1
DA:21,1
DA:22,1
DA:24,1
DA:26,0
LF:16
LH:15
BRDA:12,0,0,1
BRDA:12,0,1,1
BRF:2
BRH:2
end_of_record
TN:
SF:src/error-handlers/404.js
FN:10,notFoundHandler
FNF:1
FNH:1
FNDA:2,notFoundHandler
DA:11,2
DA:14,1
LF:2
LH:2
BRF:0
BRH:0
end_of_record
TN:
SF:src/error-handlers/500.js
FN:3,(anonymous_0)
FNF:1
FNH:0
FNDA:0,(anonymous_0)
DA:3,1
DA:4,0
DA:6,0
LF:3
LH:1
BRDA:4,0,0,0
BRDA:4,0,1,0
BRF:2
BRH:0
end_of_record
TN:
SF:src/models/actors.js
FN:3,(anonymous_0)
FNF:1
FNH:1
FNDA:1,(anonymous_0)
DA:3,1
DA:4,1
LF:2
LH:2
BRF:0
BRH:0
end_of_record
TN:
SF:src/models/index.js
FNF:0
FNH:0
DA:3,1
DA:4,1
DA:5,1
DA:6,1
DA:7,1
DA:9,1
DA:22,1
DA:24,1
DA:25,1
DA:27,1
DA:28,1
DA:31,1
LF:12
LH:12
BRDA:9,0,0,1
BRDA:9,0,1,0
BRDA:11,1,0,0
BRDA:11,1,1,0
BRF:4
BRH:1
end_of_record
TN:
SF:src/models/modelInterface.js
FN:4,(anonymous_0)
FN:9,(anonymous_1)
FN:20,(anonymous_2)
FN:30,(anonymous_3)
FN:41,(anonymous_4)
FN:52,(anonymous_5)
FNF:6
FNH:6
FNDA:2,(anonymous_0)
FNDA:2,(anonymous_1)
FNDA:2,(anonymous_2)
FNDA:2,(anonymous_3)
FNDA:2,(anonymous_4)
FNDA:2,(anonymous_5)
DA:5,2
DA:10,2
DA:11,2
DA:12,2
DA:14,0
DA:15,0
DA:21,2
DA:22,2
DA:23,2
DA:25,0
DA:26,0
DA:31,2
DA:32,2
DA:33,2
DA:36,0
DA:37,0
DA:42,2
DA:43,2
DA:44,2
DA:45,2
DA:47,0
DA:48,0
DA:53,2
DA:54,2
DA:55,2
DA:56,2
DA:58,0
DA:59,0
DA:64,1
LF:29
LH:19
BRF:0
BRH:0
end_of_record
TN:
SF:src/models/movies.js
FN:3,(anonymous_0)
FNF:1
FNH:1
FNDA:1,(anonymous_0)
DA:3,1
DA:4,1
LF:2
LH:2
BRF:0
BRH:0
end_of_record
TN:
SF:src/routes/actors-route.js
FN:9,(anonymous_0)
FN:17,(anonymous_1)
FN:23,(anonymous_2)
FN:30,(anonymous_3)
FN:37,(anonymous_4)
FNF:5
FNH:5
FNDA:1,(anonymous_0)
FNDA:1,(anonymous_1)
FNDA:1,(anonymous_2)
FNDA:1,(anonymous_3)
FNDA:1,(anonymous_4)
DA:3,1
DA:4,1
DA:6,1
DA:9,1
DA:10,1
DA:12,1
DA:13,1
DA:17,1
DA:18,1
DA:19,1
DA:23,1
DA:24,1
DA:25,1
DA:26,1
DA:30,1
DA:31,1
DA:32,1
DA:33,1
DA:37,1
DA:38,1
DA:39,1
DA:40,1
DA:43,1
LF:23
LH:23
BRF:0
BRH:0
end_of_record
TN:
SF:src/routes/movies-route.js
FN:8,(anonymous_0)
FN:16,(anonymous_1)
FN:22,(anonymous_2)
FN:29,(anonymous_3)
FN:36,(anonymous_4)
FNF:5
FNH:5
FNDA:1,(anonymous_0)
FNDA:1,(anonymous_1)
FNDA:1,(anonymous_2)
FNDA:1,(anonymous_3)
FNDA:1,(anonymous_4)
DA:3,1
DA:4,1
DA:6,1
DA:8,1
DA:9,1
DA:11,1
DA:12,1
DA:16,1
DA:17,1
DA:18,1
DA:22,1
DA:23,1
DA:24,1
DA:25,1
DA:29,1
DA:30,1
DA:31,1
DA:32,1
DA:36,1
DA:37,1
DA:38,1
DA:39,1
DA:42,1
LF:23
LH:23
BRF:0
BRH:0
end_of_record
